<?xml version="1.0" encoding="UTF-8"?>
<testsuite xmlns:xsi="http://www.w3.org/2001/XMLSchema-instance" xsi:noNamespaceSchemaLocation="https://maven.apache.org/surefire/maven-surefire-plugin/xsd/surefire-test-report-3.0.xsd" version="3.0" name="runners.TestRunner" time="16.172" tests="4" errors="0" skipped="0" failures="0">
  <properties>
[...]
</properties>
  <testcase name="Successfully login and add t-shirt to cart" classname="SauceDemo Shopping Cart" time="5.194">
    <system-out><![CDATA[
Scenario: Successfully login and add t-shirt to cart                     # src/test/resources/features/Shopping.feature:9
  Given I navigate to the SauceDemo website                              # stepdefinitions.ShoppingSteps.iNavigateToTheSauceDemoWebsite()
  When I login with username "standard_user" and password "secret_sauce" # stepdefinitions.ShoppingSteps.iLoginWithUsernameAndPassword(java.lang.String,java.lang.String)
  Then I should see the Products page                                    # stepdefinitions.ShoppingSteps.iShouldSeeTheProductsPage()
  When I add "Sauce Labs Bolt T-Shirt" to the cart                       # stepdefinitions.ShoppingSteps.iAddToTheCart(java.lang.String)
  Then the cart should show 1 item                                       # stepdefinitions.ShoppingSteps.theCartShouldShowItem(int)
]]></system-out>
    <system-err><![CDATA[[main] INFO io.github.bonigarcia.wdm.WebDriverManager - Using chromedriver 144.0.7559.133 (resolved driver for Chrome 144)
[main] INFO io.github.bonigarcia.wdm.WebDriverManager - Exporting webdriver.chrome.driver as C:\Users\admin\.cache\selenium\chromedriver\win64\144.0.7559.133\chromedriver.exe
]]></system-err>
  </testcase>
  <testcase name="Verify multiple products are displayed after login" classname="SauceDemo Shopping Cart" time="3.362">
    <system-out><![CDATA[
Scenario: Verify multiple products are displayed after login             # src/test/resources/features/Shopping.feature:15
  Given I navigate to the SauceDemo website                              # stepdefinitions.ShoppingSteps.iNavigateToTheSauceDemoWebsite()
  When I login with username "standard_user" and password "secret_sauce" # stepdefinitions.ShoppingSteps.iLoginWithUsernameAndPassword(java.lang.String,java.lang.String)
  Then I should see the Products page                                    # stepdefinitions.ShoppingSteps.iShouldSeeTheProductsPage()
  And I should see 6 products displayed                                  # stepdefinitions.ShoppingSteps.iShouldSeeProductsDisplayed(int)
]]></system-out>
    <system-err><![CDATA[[main] INFO io.github.bonigarcia.wdm.WebDriverManager - Using chromedriver 144.0.7559.133 (resolved driver for Chrome 144)
[main] INFO io.github.bonigarcia.wdm.WebDriverManager - Exporting webdriver.chrome.driver as C:\Users\admin\.cache\selenium\chromedriver\win64\144.0.7559.133\chromedriver.exe
]]></system-err>
  </testcase>
  <testcase name="Login with invalid credentials" classname="SauceDemo Shopping Cart" time="2.885">
    <system-out><![CDATA[
Scenario: Login with invalid credentials                                  # src/test/resources/features/Shopping.feature:20
  Given I navigate to the SauceDemo website                               # stepdefinitions.ShoppingSteps.iNavigateToTheSauceDemoWebsite()
  When I login with username "invalid_user" and password "wrong_password" # stepdefinitions.ShoppingSteps.iLoginWithUsernameAndPassword(java.lang.String,java.lang.String)
  Then I should see an error message                                      # stepdefinitions.ShoppingSteps.iShouldSeeAnErrorMessage()
]]></system-out>
    <system-err><![CDATA[[main] INFO io.github.bonigarcia.wdm.WebDriverManager - Using chromedriver 144.0.7559.133 (resolved driver for Chrome 144)
[main] INFO io.github.bonigarcia.wdm.WebDriverManager - Exporting webdriver.chrome.driver as C:\Users\admin\.cache\selenium\chromedriver\win64\144.0.7559.133\chromedriver.exe
]]></system-err>
  </testcase>
  <testcase name="Successfully checkout with multiple items" classname="SauceDemo Shopping Cart" time="4.201">
    <system-out><![CDATA[
Scenario: Successfully checkout with multiple items                            # src/test/resources/features/Shopping.feature:24
  Given I navigate to the SauceDemo website                                    # stepdefinitions.ShoppingSteps.iNavigateToTheSauceDemoWebsite()
  When I login with username "standard_user" and password "secret_sauce"       # stepdefinitions.ShoppingSteps.iLoginWithUsernameAndPassword(java.lang.String,java.lang.String)
  And I add "Sauce Labs Backpack" to the cart                                  # stepdefinitions.ShoppingSteps.iAddToTheCart(java.lang.String)
  And I add "Sauce Labs Bike Light" to the cart                                # stepdefinitions.ShoppingSteps.iAddToTheCart(java.lang.String)
  Then the cart should show 2 item                                             # stepdefinitions.ShoppingSteps.theCartShouldShowItem(int)
  When I proceed to checkout                                                   # stepdefinitions.ShoppingSteps.iProceedToCheckout()
  And I enter shipping information "John", "Doe", "12345"                      # stepdefinitions.ShoppingSteps.iEnterShippingInformation(java.lang.String,java.lang.String,java.lang.String)
  And I finish the checkout                                                    # stepdefinitions.ShoppingSteps.iFinishTheCheckout()
  Then I should see the order confirmation message "Thank you for your order!" # stepdefinitions.ShoppingSteps.iShouldSeeTheOrderConfirmationMessage(java.lang.String)
]]></system-out>
    <system-err><![CDATA[[main] INFO io.github.bonigarcia.wdm.WebDriverManager - Using chromedriver 144.0.7559.133 (resolved driver for Chrome 144)
[main] INFO io.github.bonigarcia.wdm.WebDriverManager - Exporting webdriver.chrome.driver as C:\Users\admin\.cache\selenium\chromedriver\win64\144.0.7559.133\chromedriver.exe
]]></system-err>
  </testcase>
</testsuite>